<?xml version="1.0" encoding="UTF-8"?>
<testsuite xmlns:xsi="http://www.w3.org/2001/XMLSchema-instance" xsi:noNamespaceSchemaLocation="https://maven.apache.org/surefire/maven-surefire-plugin/xsd/surefire-test-report-3.0.xsd" version="3.0" name="com.programTest.AccountTest" time="1.177" tests="6" errors="0" skipped="0" failures="0">
  <properties>
[...]
</properties>
  <testcase name="testDebitTransactionType" classname="com.programTest.AccountTest" time="1.102"/>
  <testcase name="testGetBalance" classname="com.programTest.AccountTest" time="0.004"/>
  <testcase name="testDebitTransactionAmount" classname="com.programTest.AccountTest" time="0.004"/>
  <testcase name="testDebitZero" classname="com.programTest.AccountTest" time="0.007"/>
  <testcase name="testBalanceAfterDebit" classname="com.programTest.AccountTest" time="0.004">
    <system-out><![CDATA[200
]]></system-out>
  </testcase>
  <testcase name="testDebitWithBalanceZero" classname="com.programTest.AccountTest" time="0.004"/>
</testsuite>